Removed Pin From Net: NetName=BT_TX Pin=J9-1
Removed Pin From Net: NetName=BT_RX Pin=J9-2
Removed Pin From Net: NetName=GND Pin=J9-3
Removed Pin From Net: NetName=VDD Pin=J9-4
Removed Pin From Net: NetName=BT_KEY Pin=J9-5
Change Component DesignItemId : Designator=J9 Old DesignItemId=CON5 New DesignItemId=CON8
Change Component Footprint: Designator=C1 Old Footprint=0603 New Footprint=0805
Change Component Footprint: Designator=C2 Old Footprint=0603 New Footprint=0805
Change Component Footprint: Designator=C3 Old Footprint=0603 New Footprint=0805
Change Component Footprint: Designator=C4 Old Footprint=0603 New Footprint=0805
Change Component Footprint: Designator=C5 Old Footprint=0603 New Footprint=0805
Change Component Footprint: Designator=C6 Old Footprint=0603 New Footprint=0805
Change Component Footprint: Designator=C7 Old Footprint=0603 New Footprint=0805
Change Component Footprint: Designator=C10 Old Footprint=0603 New Footprint=0805
Change Component Footprint: Designator=C11 Old Footprint=0603 New Footprint=0805
Change Component Footprint: Designator=C12 Old Footprint=0603 New Footprint=0805
Change Component Footprint: Designator=C13 Old Footprint=0603 New Footprint=0805
Change Component Footprint: Designator=C14 Old Footprint=0603 New Footprint=0805
Change Component Footprint: Designator=C15 Old Footprint=0603 New Footprint=0805
Change Component Footprint: Designator=C16 Old Footprint=0603 New Footprint=0805
Change Component Footprint: Designator=C17 Old Footprint=0603 New Footprint=0805
Change Component Footprint: Designator=C18 Old Footprint=0603 New Footprint=0805
Change Component Footprint: Designator=C19 Old Footprint=0603 New Footprint=0805
Change Component Footprint: Designator=C20 Old Footprint=0603 New Footprint=0805
Change Component Footprint: Designator=C21 Old Footprint=0603 New Footprint=0805
Change Component Footprint: Designator=C22 Old Footprint=0603 New Footprint=0805
Change Component Footprint: Designator=C23 Old Footprint=0603 New Footprint=0805
Change Component Footprint: Designator=C24 Old Footprint=0603 New Footprint=0805
Change Component Footprint: Designator=C25 Old Footprint=0603 New Footprint=0805
Change Component Footprint: Designator=C26 Old Footprint=0603 New Footprint=0805
Change Component Footprint: Designator=C27 Old Footprint=0603 New Footprint=0805
Change Component Footprint: Designator=C42 Old Footprint=0603 New Footprint=0805
Change Component Footprint: Designator=C43 Old Footprint=0603 New Footprint=0805
Change Component Footprint: Designator=C44 Old Footprint=0603 New Footprint=0805
Change Component Footprint: Designator=C45 Old Footprint=0603 New Footprint=0805
Change Component Footprint: Designator=C47 Old Footprint=0603 New Footprint=0805
Change Component Footprint: Designator=C53 Old Footprint=0603 New Footprint=0805
Change Component Footprint: Designator=R1 Old Footprint=0603 New Footprint=0805
Change Component Footprint: Designator=R2 Old Footprint=0603 New Footprint=0805
Change Component Footprint: Designator=R3 Old Footprint=0603 New Footprint=0805
Change Component Footprint: Designator=R4 Old Footprint=0603 New Footprint=0805
Change Component Footprint: Designator=R5 Old Footprint=0603 New Footprint=0805
Change Component Footprint: Designator=R6 Old Footprint=0603 New Footprint=0805
Change Component Footprint: Designator=R7 Old Footprint=0603 New Footprint=0805
Change Component Footprint: Designator=R8 Old Footprint=0603 New Footprint=0805
Change Component Footprint: Designator=R10 Old Footprint=0603 New Footprint=0805
Change Component Footprint: Designator=R11 Old Footprint=0603 New Footprint=0805
Change Component Footprint: Designator=R12 Old Footprint=0603 New Footprint=0805
Change Component Footprint: Designator=R13 Old Footprint=0603 New Footprint=0805
Change Component Footprint: Designator=R14 Old Footprint=0603 New Footprint=0805
Change Component Footprint: Designator=R15 Old Footprint=0603 New Footprint=0805
Change Component Footprint: Designator=R16 Old Footprint=0603 New Footprint=0805
Change Component Footprint: Designator=R17 Old Footprint=0603 New Footprint=0805
Change Component Footprint: Designator=R18 Old Footprint=0603 New Footprint=0805
Change Component Footprint: Designator=R28 Old Footprint=0603 New Footprint=0805
Change Component Footprint: Designator=R29 Old Footprint=0603 New Footprint=0805
Change Component Footprint: Designator=R30 Old Footprint=0603 New Footprint=0805
Change Component Footprint: Designator=R31 Old Footprint=0603 New Footprint=0805
Change Component Footprint: Designator=R32 Old Footprint=0603 New Footprint=0805
Change Component Footprint: Designator=C46 Old Footprint=1206 New Footprint=0805
Change Component Footprint: Designator=J9 Old Footprint=SIP5 New Footprint=SIP8
Change Component Comment : Designator=J9 Old Comment=CON5 New Comment=Expansion
Added Component: Designator=J9(SIP5)
Added Pin To Net: NetName=BT_TX Pin=J9-1
Added Pin To Net: NetName=NetU1_7 Pin=J9-1
Added Pin To Net: NetName=BT_RX Pin=J9-2
Added Pin To Net: NetName=NetJ5_1 Pin=J9-2
Added Pin To Net: NetName=GND Pin=J9-3
Added Pin To Net: NetName=NetU1_5 Pin=J9-3
Added Pin To Net: NetName=NetJ6_1 Pin=J9-4
Added Pin To Net: NetName=VDD Pin=J9-4
Added Pin To Net: NetName=BT_KEY Pin=J9-5
Added Pin To Net: NetName=NetU1_3 Pin=J9-5
Change Net Name : Old Net Name=ECG_ACOND- New Net Name=NetC22_2
Change Net Name : Old Net Name=NetU1_1 New Net Name=NetJ9_7
Change Net Name : Old Net Name=NetU1_3 New Net Name=NetJ9_5
Change Net Name : Old Net Name=NetU1_5 New Net Name=NetJ9_3
Change Net Name : Old Net Name=NetU1_7 New Net Name=NetJ9_1
Added Member To Class: ClassName=TopSheet Member=Component J9 Expansion
Added Room: Name=ADS
Added Room: Name=AFE
Added Room: Name=Bluetooth
Added Room: Name=Microcontroller
Added Room: Name=Peripherials
Added Room: Name=Power Supply
Added Room: Name=Supply
Added Room: Name=TopSheet
